  1005. K 次取反后最大化的数组和.cpp
  135. 分发糖果.cpp
d:\cfile\数据结构\力扣\贪心\回溯\135. 分发糖果.cpp(10): warning C4267: “初始化”: 从“size_t”转换到“int”，可能丢失数据
  376. 摆动序列.cpp
  406. 根据身高重建队列.cpp
  45. 跳跃游戏 II.cpp
d:\cfile\数据结构\力扣\贪心\回溯\45. 跳跃游戏 ii.cpp(13): warning C4267: “初始化”: 从“size_t”转换到“int”，可能丢失数据
  452. 用最少数量的箭引爆气球.cpp
  455. 分发饼干.cpp
d:\cfile\数据结构\力扣\贪心\回溯\455. 分发饼干.cpp(14): warning C4267: “初始化”: 从“size_t”转换到“int”，可能丢失数据
d:\cfile\数据结构\力扣\贪心\回溯\455. 分发饼干.cpp(15): warning C4267: “初始化”: 从“size_t”转换到“int”，可能丢失数据
  55. 跳跃游戏.cpp
d:\cfile\数据结构\力扣\贪心\回溯\55. 跳跃游戏.cpp(12): warning C4267: “初始化”: 从“size_t”转换到“int”，可能丢失数据
  56. 合并区间.cpp
  714. 买卖股票的最佳时机含手续费.cpp
  738. 单调递增的数字.cpp
d:\cfile\数据结构\力扣\贪心\回溯\738. 单调递增的数字.cpp(13): warning C4267: “初始化”: 从“size_t”转换到“char”，可能丢失数据
d:\cfile\数据结构\力扣\贪心\回溯\738. 单调递增的数字.cpp(14): warning C4267: “初始化”: 从“size_t”转换到“int”，可能丢失数据
  763. 划分字母区间.cpp
  860. 柠檬水找零.cpp
  正在生成代码...
  回溯.vcxproj -> D:\Cfile\数据结构\力扣\贪心\x64\Debug\贪心.exe
