d:\cfile\数据结构\力扣\贪心\回溯\x64\debug\vc141.pdb
d:\cfile\数据结构\力扣\贪心\回溯\x64\debug\vc141.idb
d:\cfile\数据结构\力扣\贪心\回溯\x64\debug\860. 柠檬水找零.obj
d:\cfile\数据结构\力扣\贪心\回溯\x64\debug\763. 划分字母区间.obj
d:\cfile\数据结构\力扣\贪心\回溯\x64\debug\738. 单调递增的数字.obj
d:\cfile\数据结构\力扣\贪心\回溯\x64\debug\714. 买卖股票的最佳时机含手续费.obj
d:\cfile\数据结构\力扣\贪心\回溯\x64\debug\56. 合并区间.obj
d:\cfile\数据结构\力扣\贪心\回溯\x64\debug\55. 跳跃游戏.obj
d:\cfile\数据结构\力扣\贪心\回溯\x64\debug\455. 分发饼干.obj
d:\cfile\数据结构\力扣\贪心\回溯\x64\debug\452. 用最少数量的箭引爆气球.obj
d:\cfile\数据结构\力扣\贪心\回溯\x64\debug\45. 跳跃游戏 ii.obj
d:\cfile\数据结构\力扣\贪心\回溯\x64\debug\406. 根据身高重建队列.obj
d:\cfile\数据结构\力扣\贪心\回溯\x64\debug\376. 摆动序列.obj
d:\cfile\数据结构\力扣\贪心\回溯\x64\debug\135. 分发糖果.obj
d:\cfile\数据结构\力扣\贪心\回溯\x64\debug\1005. k 次取反后最大化的数组和.obj
d:\cfile\数据结构\力扣\贪心\x64\debug\贪心.ilk
d:\cfile\数据结构\力扣\贪心\x64\debug\贪心.exe
d:\cfile\数据结构\力扣\贪心\x64\debug\贪心.pdb
d:\cfile\数据结构\力扣\贪心\回溯\x64\debug\贪心.tlog\cl.command.1.tlog
d:\cfile\数据结构\力扣\贪心\回溯\x64\debug\贪心.tlog\cl.read.1.tlog
d:\cfile\数据结构\力扣\贪心\回溯\x64\debug\贪心.tlog\cl.write.1.tlog
d:\cfile\数据结构\力扣\贪心\回溯\x64\debug\贪心.tlog\link.command.1.tlog
d:\cfile\数据结构\力扣\贪心\回溯\x64\debug\贪心.tlog\link.read.1.tlog
d:\cfile\数据结构\力扣\贪心\回溯\x64\debug\贪心.tlog\link.write.1.tlog
